[ 2017-12-07T17:17:09+08:00 ] ::1 /tp3/index.php/home/index/kaoqin
INFO: [ app_init ] --START--
INFO: Run Behavior\BuildLiteBehavior [ RunTime:0.000015s ]
INFO: [ app_init ] --END-- [ RunTime:0.000517s ]
INFO: [ app_begin ] --START--
INFO: Run Behavior\ReadHtmlCacheBehavior [ RunTime:0.000649s ]
INFO: [ app_begin ] --END-- [ RunTime:0.000717s ]
SQL: SHOW COLUMNS FROM `kaoqin` [ RunTime:0.0126s ]
SQL: SELECT * FROM `kaoqin` GROUP BY kaoqinhao  [ RunTime:0.0089s ]
SQL: SELECT * FROM `kaoqin` WHERE `kaoqinhao` = '10080'  [ RunTime:0.0023s ]
NOTIC: [8] A non well formed numeric value encountered C:\soft\phpstudy\WWW\tp3\Application\Home\Controller\IndexController.class.php 第 18 行.
NOTIC: [8] A non well formed numeric value encountered C:\soft\phpstudy\WWW\tp3\Application\Home\Controller\IndexController.class.php 第 19 行.
NOTIC: [8] A non well formed numeric value encountered C:\soft\phpstudy\WWW\tp3\Application\Home\Controller\IndexController.class.php 第 18 行.
NOTIC: [8] A non well formed numeric value encountered C:\soft\phpstudy\WWW\tp3\Application\Home\Controller\IndexController.class.php 第 19 行.
NOTIC: [8] A non well formed numeric value encountered C:\soft\phpstudy\WWW\tp3\Application\Home\Controller\IndexController.class.php 第 18 行.
NOTIC: [8] A non well formed numeric value encountered C:\soft\phpstudy\WWW\tp3\Application\Home\Controller\IndexController.class.php 第 19 行.
NOTIC: [8] A non well formed numeric value encountered C:\soft\phpstudy\WWW\tp3\Application\Home\Controller\IndexController.class.php 第 18 行.
NOTIC: [8] A non well formed numeric value encountered C:\soft\phpstudy\WWW\tp3\Application\Home\Controller\IndexController.class.php 第 19 行.
NOTIC: [8] A non well formed numeric value encountered C:\soft\phpstudy\WWW\tp3\Application\Home\Controller\IndexController.class.php 第 18 行.
NOTIC: [8] A non well formed numeric value encountered C:\soft\phpstudy\WWW\tp3\Application\Home\Controller\IndexController.class.php 第 19 行.
NOTIC: [8] A non well formed numeric value encountered C:\soft\phpstudy\WWW\tp3\Application\Home\Controller\IndexController.class.php 第 18 行.
NOTIC: [8] A non well formed numeric value encountered C:\soft\phpstudy\WWW\tp3\Application\Home\Controller\IndexController.class.php 第 19 行.
NOTIC: [8] A non well formed numeric value encountered C:\soft\phpstudy\WWW\tp3\Application\Home\Controller\IndexController.class.php 第 18 行.
NOTIC: [8] A non well formed numeric value encountered C:\soft\phpstudy\WWW\tp3\Application\Home\Controller\IndexController.class.php 第 19 行.
NOTIC: [8] A non well formed numeric value encountered C:\soft\phpstudy\WWW\tp3\Application\Home\Controller\IndexController.class.php 第 18 行.
NOTIC: [8] A non well formed numeric value encountered C:\soft\phpstudy\WWW\tp3\Application\Home\Controller\IndexController.class.php 第 19 行.
NOTIC: [8] A non well formed numeric value encountered C:\soft\phpstudy\WWW\tp3\Application\Home\Controller\IndexController.class.php 第 18 行.
NOTIC: [8] A non well formed numeric value encountered C:\soft\phpstudy\WWW\tp3\Application\Home\Controller\IndexController.class.php 第 19 行.
NOTIC: [8] A non well formed numeric value encountered C:\soft\phpstudy\WWW\tp3\Application\Home\Controller\IndexController.class.php 第 18 行.
NOTIC: [8] A non well formed numeric value encountered C:\soft\phpstudy\WWW\tp3\Application\Home\Controller\IndexController.class.php 第 19 行.
NOTIC: [8] A non well formed numeric value encountered C:\soft\phpstudy\WWW\tp3\Application\Home\Controller\IndexController.class.php 第 18 行.
NOTIC: [8] A non well formed numeric value encountered C:\soft\phpstudy\WWW\tp3\Application\Home\Controller\IndexController.class.php 第 19 行.
NOTIC: [8] A non well formed numeric value encountered C:\soft\phpstudy\WWW\tp3\Application\Home\Controller\IndexController.class.php 第 18 行.
NOTIC: [8] A non well formed numeric value encountered C:\soft\phpstudy\WWW\tp3\Application\Home\Controller\IndexController.class.php 第 19 行.
NOTIC: [8] A non well formed numeric value encountered C:\soft\phpstudy\WWW\tp3\Application\Home\Controller\IndexController.class.php 第 18 行.
NOTIC: [8] A non well formed numeric value encountered C:\soft\phpstudy\WWW\tp3\Application\Home\Controller\IndexController.class.php 第 19 行.
NOTIC: [8] A non well formed numeric value encountered C:\soft\phpstudy\WWW\tp3\Application\Home\Controller\IndexController.class.php 第 18 行.
NOTIC: [8] A non well formed numeric value encountered C:\soft\phpstudy\WWW\tp3\Application\Home\Controller\IndexController.class.php 第 19 行.
NOTIC: [8] A non well formed numeric value encountered C:\soft\phpstudy\WWW\tp3\Application\Home\Controller\IndexController.class.php 第 18 行.
NOTIC: [8] A non well formed numeric value encountered C:\soft\phpstudy\WWW\tp3\Application\Home\Controller\IndexController.class.php 第 19 行.
NOTIC: [8] A non well formed numeric value encountered C:\soft\phpstudy\WWW\tp3\Application\Home\Controller\IndexController.class.php 第 18 行.
NOTIC: [8] A non well formed numeric value encountered C:\soft\phpstudy\WWW\tp3\Application\Home\Controller\IndexController.class.php 第 19 行.
NOTIC: [8] A non well formed numeric value encountered C:\soft\phpstudy\WWW\tp3\Application\Home\Controller\IndexController.class.php 第 18 行.
NOTIC: [8] A non well formed numeric value encountered C:\soft\phpstudy\WWW\tp3\Application\Home\Controller\IndexController.class.php 第 19 行.
NOTIC: [8] A non well formed numeric value encountered C:\soft\phpstudy\WWW\tp3\Application\Home\Controller\IndexController.class.php 第 18 行.
NOTIC: [8] A non well formed numeric value encountered C:\soft\phpstudy\WWW\tp3\Application\Home\Controller\IndexController.class.php 第 19 行.
NOTIC: [8] A non well formed numeric value encountered C:\soft\phpstudy\WWW\tp3\Application\Home\Controller\IndexController.class.php 第 18 行.
NOTIC: [8] A non well formed numeric value encountered C:\soft\phpstudy\WWW\tp3\Application\Home\Controller\IndexController.class.php 第 19 行.
NOTIC: [8] A non well formed numeric value encountered C:\soft\phpstudy\WWW\tp3\Application\Home\Controller\IndexController.class.php 第 18 行.
NOTIC: [8] A non well formed numeric value encountered C:\soft\phpstudy\WWW\tp3\Application\Home\Controller\IndexController.class.php 第 19 行.
NOTIC: [8] A non well formed numeric value encountered C:\soft\phpstudy\WWW\tp3\Application\Home\Controller\IndexController.class.php 第 18 行.
NOTIC: [8] A non well formed numeric value encountered C:\soft\phpstudy\WWW\tp3\Application\Home\Controller\IndexController.class.php 第 19 行.
NOTIC: [8] A non well formed numeric value encountered C:\soft\phpstudy\WWW\tp3\Application\Home\Controller\IndexController.class.php 第 18 行.
NOTIC: [8] A non well formed numeric value encountered C:\soft\phpstudy\WWW\tp3\Application\Home\Controller\IndexController.class.php 第 19 行.
NOTIC: [8] A non well formed numeric value encountered C:\soft\phpstudy\WWW\tp3\Application\Home\Controller\IndexController.class.php 第 18 行.
NOTIC: [8] A non well formed numeric value encountered C:\soft\phpstudy\WWW\tp3\Application\Home\Controller\IndexController.class.php 第 19 行.
NOTIC: [8] A non well formed numeric value encountered C:\soft\phpstudy\WWW\tp3\Application\Home\Controller\IndexController.class.php 第 18 行.
NOTIC: [8] A non well formed numeric value encountered C:\soft\phpstudy\WWW\tp3\Application\Home\Controller\IndexController.class.php 第 19 行.
NOTIC: [8] A non well formed numeric value encountered C:\soft\phpstudy\WWW\tp3\Application\Home\Controller\IndexController.class.php 第 18 行.
NOTIC: [8] A non well formed numeric value encountered C:\soft\phpstudy\WWW\tp3\Application\Home\Controller\IndexController.class.php 第 19 行.
NOTIC: [8] A non well formed numeric value encountered C:\soft\phpstudy\WWW\tp3\Application\Home\Controller\IndexController.class.php 第 18 行.
NOTIC: [8] A non well formed numeric value encountered C:\soft\phpstudy\WWW\tp3\Application\Home\Controller\IndexController.class.php 第 19 行.
NOTIC: [8] A non well formed numeric value encountered C:\soft\phpstudy\WWW\tp3\Application\Home\Controller\IndexController.class.php 第 18 行.
NOTIC: [8] A non well formed numeric value encountered C:\soft\phpstudy\WWW\tp3\Application\Home\Controller\IndexController.class.php 第 19 行.
NOTIC: [8] A non well formed numeric value encountered C:\soft\phpstudy\WWW\tp3\Application\Home\Controller\IndexController.class.php 第 18 行.
NOTIC: [8] A non well formed numeric value encountered C:\soft\phpstudy\WWW\tp3\Application\Home\Controller\IndexController.class.php 第 19 行.
NOTIC: [8] A non well formed numeric value encountered C:\soft\phpstudy\WWW\tp3\Application\Home\Controller\IndexController.class.php 第 18 行.
NOTIC: [8] A non well formed numeric value encountered C:\soft\phpstudy\WWW\tp3\Application\Home\Controller\IndexController.class.php 第 19 行.
NOTIC: [8] A non well formed numeric value encountered C:\soft\phpstudy\WWW\tp3\Application\Home\Controller\IndexController.class.php 第 18 行.
NOTIC: [8] A non well formed numeric value encountered C:\soft\phpstudy\WWW\tp3\Application\Home\Controller\IndexController.class.php 第 19 行.

[ 2017-12-07T17:17:53+08:00 ] ::1 /tp3/index.php/home/index/kaoqin
INFO: [ app_init ] --START--
INFO: Run Behavior\BuildLiteBehavior [ RunTime:0.000012s ]
INFO: [ app_init ] --END-- [ RunTime:0.000385s ]
INFO: [ app_begin ] --START--
INFO: Run Behavior\ReadHtmlCacheBehavior [ RunTime:0.000469s ]
INFO: [ app_begin ] --END-- [ RunTime:0.000512s ]
SQL: SHOW COLUMNS FROM `kaoqin` [ RunTime:0.0066s ]
SQL: SELECT * FROM `kaoqin` GROUP BY kaoqinhao  [ RunTime:0.0085s ]
SQL: SELECT * FROM `kaoqin` WHERE `kaoqinhao` = '10080'  [ RunTime:0.0029s ]
NOTIC: [8] A non well formed numeric value encountered C:\soft\phpstudy\WWW\tp3\Application\Home\Controller\IndexController.class.php 第 18 行.
NOTIC: [8] A non well formed numeric value encountered C:\soft\phpstudy\WWW\tp3\Application\Home\Controller\IndexController.class.php 第 19 行.
NOTIC: [8] A non well formed numeric value encountered C:\soft\phpstudy\WWW\tp3\Application\Home\Controller\IndexController.class.php 第 18 行.
NOTIC: [8] A non well formed numeric value encountered C:\soft\phpstudy\WWW\tp3\Application\Home\Controller\IndexController.class.php 第 19 行.
NOTIC: [8] A non well formed numeric value encountered C:\soft\phpstudy\WWW\tp3\Application\Home\Controller\IndexController.class.php 第 18 行.
NOTIC: [8] A non well formed numeric value encountered C:\soft\phpstudy\WWW\tp3\Application\Home\Controller\IndexController.class.php 第 19 行.
NOTIC: [8] A non well formed numeric value encountered C:\soft\phpstudy\WWW\tp3\Application\Home\Controller\IndexController.class.php 第 18 行.
NOTIC: [8] A non well formed numeric value encountered C:\soft\phpstudy\WWW\tp3\Application\Home\Controller\IndexController.class.php 第 19 行.
NOTIC: [8] A non well formed numeric value encountered C:\soft\phpstudy\WWW\tp3\Application\Home\Controller\IndexController.class.php 第 18 行.
NOTIC: [8] A non well formed numeric value encountered C:\soft\phpstudy\WWW\tp3\Application\Home\Controller\IndexController.class.php 第 19 行.
NOTIC: [8] A non well formed numeric value encountered C:\soft\phpstudy\WWW\tp3\Application\Home\Controller\IndexController.class.php 第 18 行.
NOTIC: [8] A non well formed numeric value encountered C:\soft\phpstudy\WWW\tp3\Application\Home\Controller\IndexController.class.php 第 19 行.
NOTIC: [8] A non well formed numeric value encountered C:\soft\phpstudy\WWW\tp3\Application\Home\Controller\IndexController.class.php 第 18 行.
NOTIC: [8] A non well formed numeric value encountered C:\soft\phpstudy\WWW\tp3\Application\Home\Controller\IndexController.class.php 第 19 行.
NOTIC: [8] A non well formed numeric value encountered C:\soft\phpstudy\WWW\tp3\Application\Home\Controller\IndexController.class.php 第 18 行.
NOTIC: [8] A non well formed numeric value encountered C:\soft\phpstudy\WWW\tp3\Application\Home\Controller\IndexController.class.php 第 19 行.
NOTIC: [8] A non well formed numeric value encountered C:\soft\phpstudy\WWW\tp3\Application\Home\Controller\IndexController.class.php 第 18 行.
NOTIC: [8] A non well formed numeric value encountered C:\soft\phpstudy\WWW\tp3\Application\Home\Controller\IndexController.class.php 第 19 行.
NOTIC: [8] A non well formed numeric value encountered C:\soft\phpstudy\WWW\tp3\Application\Home\Controller\IndexController.class.php 第 18 行.
NOTIC: [8] A non well formed numeric value encountered C:\soft\phpstudy\WWW\tp3\Application\Home\Controller\IndexController.class.php 第 19 行.
NOTIC: [8] A non well formed numeric value encountered C:\soft\phpstudy\WWW\tp3\Application\Home\Controller\IndexController.class.php 第 18 行.
NOTIC: [8] A non well formed numeric value encountered C:\soft\phpstudy\WWW\tp3\Application\Home\Controller\IndexController.class.php 第 19 行.
NOTIC: [8] A non well formed numeric value encountered C:\soft\phpstudy\WWW\tp3\Application\Home\Controller\IndexController.class.php 第 18 行.
NOTIC: [8] A non well formed numeric value encountered C:\soft\phpstudy\WWW\tp3\Application\Home\Controller\IndexController.class.php 第 19 行.
NOTIC: [8] A non well formed numeric value encountered C:\soft\phpstudy\WWW\tp3\Application\Home\Controller\IndexController.class.php 第 18 行.
NOTIC: [8] A non well formed numeric value encountered C:\soft\phpstudy\WWW\tp3\Application\Home\Controller\IndexController.class.php 第 19 行.
NOTIC: [8] A non well formed numeric value encountered C:\soft\phpstudy\WWW\tp3\Application\Home\Controller\IndexController.class.php 第 18 行.
NOTIC: [8] A non well formed numeric value encountered C:\soft\phpstudy\WWW\tp3\Application\Home\Controller\IndexController.class.php 第 19 行.
NOTIC: [8] A non well formed numeric value encountered C:\soft\phpstudy\WWW\tp3\Application\Home\Controller\IndexController.class.php 第 18 行.
NOTIC: [8] A non well formed numeric value encountered C:\soft\phpstudy\WWW\tp3\Application\Home\Controller\IndexController.class.php 第 19 行.
NOTIC: [8] A non well formed numeric value encountered C:\soft\phpstudy\WWW\tp3\Application\Home\Controller\IndexController.class.php 第 18 行.
NOTIC: [8] A non well formed numeric value encountered C:\soft\phpstudy\WWW\tp3\Application\Home\Controller\IndexController.class.php 第 19 行.
NOTIC: [8] A non well formed numeric value encountered C:\soft\phpstudy\WWW\tp3\Application\Home\Controller\IndexController.class.php 第 18 行.
NOTIC: [8] A non well formed numeric value encountered C:\soft\phpstudy\WWW\tp3\Application\Home\Controller\IndexController.class.php 第 19 行.
NOTIC: [8] A non well formed numeric value encountered C:\soft\phpstudy\WWW\tp3\Application\Home\Controller\IndexController.class.php 第 18 行.
NOTIC: [8] A non well formed numeric value encountered C:\soft\phpstudy\WWW\tp3\Application\Home\Controller\IndexController.class.php 第 19 行.
NOTIC: [8] A non well formed numeric value encountered C:\soft\phpstudy\WWW\tp3\Application\Home\Controller\IndexController.class.php 第 18 行.
NOTIC: [8] A non well formed numeric value encountered C:\soft\phpstudy\WWW\tp3\Application\Home\Controller\IndexController.class.php 第 19 行.
NOTIC: [8] A non well formed numeric value encountered C:\soft\phpstudy\WWW\tp3\Application\Home\Controller\IndexController.class.php 第 18 行.
NOTIC: [8] A non well formed numeric value encountered C:\soft\phpstudy\WWW\tp3\Application\Home\Controller\IndexController.class.php 第 19 行.
NOTIC: [8] A non well formed numeric value encountered C:\soft\phpstudy\WWW\tp3\Application\Home\Controller\IndexController.class.php 第 18 行.
NOTIC: [8] A non well formed numeric value encountered C:\soft\phpstudy\WWW\tp3\Application\Home\Controller\IndexController.class.php 第 19 行.
NOTIC: [8] A non well formed numeric value encountered C:\soft\phpstudy\WWW\tp3\Application\Home\Controller\IndexController.class.php 第 18 行.
NOTIC: [8] A non well formed numeric value encountered C:\soft\phpstudy\WWW\tp3\Application\Home\Controller\IndexController.class.php 第 19 行.
NOTIC: [8] A non well formed numeric value encountered C:\soft\phpstudy\WWW\tp3\Application\Home\Controller\IndexController.class.php 第 18 行.
NOTIC: [8] A non well formed numeric value encountered C:\soft\phpstudy\WWW\tp3\Application\Home\Controller\IndexController.class.php 第 19 行.
NOTIC: [8] A non well formed numeric value encountered C:\soft\phpstudy\WWW\tp3\Application\Home\Controller\IndexController.class.php 第 18 行.
NOTIC: [8] A non well formed numeric value encountered C:\soft\phpstudy\WWW\tp3\Application\Home\Controller\IndexController.class.php 第 19 行.
NOTIC: [8] A non well formed numeric value encountered C:\soft\phpstudy\WWW\tp3\Application\Home\Controller\IndexController.class.php 第 18 行.
NOTIC: [8] A non well formed numeric value encountered C:\soft\phpstudy\WWW\tp3\Application\Home\Controller\IndexController.class.php 第 19 行.
NOTIC: [8] A non well formed numeric value encountered C:\soft\phpstudy\WWW\tp3\Application\Home\Controller\IndexController.class.php 第 18 行.
NOTIC: [8] A non well formed numeric value encountered C:\soft\phpstudy\WWW\tp3\Application\Home\Controller\IndexController.class.php 第 19 行.
NOTIC: [8] A non well formed numeric value encountered C:\soft\phpstudy\WWW\tp3\Application\Home\Controller\IndexController.class.php 第 18 行.
NOTIC: [8] A non well formed numeric value encountered C:\soft\phpstudy\WWW\tp3\Application\Home\Controller\IndexController.class.php 第 19 行.
NOTIC: [8] A non well formed numeric value encountered C:\soft\phpstudy\WWW\tp3\Application\Home\Controller\IndexController.class.php 第 18 行.
NOTIC: [8] A non well formed numeric value encountered C:\soft\phpstudy\WWW\tp3\Application\Home\Controller\IndexController.class.php 第 19 行.
NOTIC: [8] A non well formed numeric value encountered C:\soft\phpstudy\WWW\tp3\Application\Home\Controller\IndexController.class.php 第 18 行.
NOTIC: [8] A non well formed numeric value encountered C:\soft\phpstudy\WWW\tp3\Application\Home\Controller\IndexController.class.php 第 19 行.
NOTIC: [8] A non well formed numeric value encountered C:\soft\phpstudy\WWW\tp3\Application\Home\Controller\IndexController.class.php 第 18 行.
NOTIC: [8] A non well formed numeric value encountered C:\soft\phpstudy\WWW\tp3\Application\Home\Controller\IndexController.class.php 第 19 行.

