[ 2017-07-24T15:46:03+08:00 ] ::1 /tp3/2017-07-17/596c8b0ca2b96.png
INFO: [ app_init ] --START--
INFO: Run Behavior\BuildLiteBehavior [ RunTime:0.000030s ]
INFO: [ app_init ] --END-- [ RunTime:0.000795s ]
ERR: 无法加载模块:2017-07-17

[ 2017-07-24T15:46:03+08:00 ] ::1 /tp3/2017-07-17/596cb4b57729f.png
INFO: [ app_init ] --START--
INFO: Run Behavior\BuildLiteBehavior [ RunTime:0.000031s ]
INFO: [ app_init ] --END-- [ RunTime:0.001112s ]
ERR: 无法加载模块:2017-07-17

[ 2017-07-24T15:46:03+08:00 ] ::1 /tp3/2017-07-17/596cbde15ea99.png
INFO: [ app_init ] --START--
INFO: Run Behavior\BuildLiteBehavior [ RunTime:0.000014s ]
INFO: [ app_init ] --END-- [ RunTime:0.000484s ]
ERR: 无法加载模块:2017-07-17

[ 2017-07-24T15:46:10+08:00 ] ::1 /tp3/2017-07-17/596c8b0ca2b96.png
INFO: [ app_init ] --START--
INFO: Run Behavior\BuildLiteBehavior [ RunTime:0.000043s ]
INFO: [ app_init ] --END-- [ RunTime:0.001127s ]
ERR: 无法加载模块:2017-07-17

[ 2017-07-24T15:46:11+08:00 ] ::1 /tp3/2017-07-17/596cb4b57729f.png
INFO: [ app_init ] --START--
INFO: Run Behavior\BuildLiteBehavior [ RunTime:0.000020s ]
INFO: [ app_init ] --END-- [ RunTime:0.000567s ]
ERR: 无法加载模块:2017-07-17

[ 2017-07-24T15:46:11+08:00 ] ::1 /tp3/2017-07-17/596cbde15ea99.png
INFO: [ app_init ] --START--
INFO: Run Behavior\BuildLiteBehavior [ RunTime:0.000032s ]
INFO: [ app_init ] --END-- [ RunTime:0.002199s ]
ERR: 无法加载模块:2017-07-17

[ 2017-07-24T15:46:14+08:00 ] ::1 /tp3/2017-07-17/596cbde15ea99.png
INFO: [ app_init ] --START--
INFO: Run Behavior\BuildLiteBehavior [ RunTime:0.000024s ]
INFO: [ app_init ] --END-- [ RunTime:0.000796s ]
ERR: 无法加载模块:2017-07-17

[ 2017-07-24T15:46:14+08:00 ] ::1 /tp3/2017-07-17/596c8b0ca2b96.png
INFO: [ app_init ] --START--
INFO: Run Behavior\BuildLiteBehavior [ RunTime:0.000028s ]
INFO: [ app_init ] --END-- [ RunTime:0.000858s ]
ERR: 无法加载模块:2017-07-17

[ 2017-07-24T15:46:14+08:00 ] ::1 /tp3/2017-07-17/596cb4b57729f.png
INFO: [ app_init ] --START--
INFO: Run Behavior\BuildLiteBehavior [ RunTime:0.000014s ]
INFO: [ app_init ] --END-- [ RunTime:0.000385s ]
ERR: 无法加载模块:2017-07-17

[ 2017-07-24T15:46:50+08:00 ] ::1 /tp3/2017-07-17/596cb4b57729f.png
INFO: [ app_init ] --START--
INFO: Run Behavior\BuildLiteBehavior [ RunTime:0.000020s ]
INFO: [ app_init ] --END-- [ RunTime:0.000487s ]
ERR: 无法加载模块:2017-07-17

[ 2017-07-24T15:46:50+08:00 ] ::1 /tp3/2017-07-17/596c8b0ca2b96.png
INFO: [ app_init ] --START--
INFO: Run Behavior\BuildLiteBehavior [ RunTime:0.000019s ]
INFO: [ app_init ] --END-- [ RunTime:0.000487s ]
ERR: 无法加载模块:2017-07-17

[ 2017-07-24T15:46:50+08:00 ] ::1 /tp3/2017-07-17/596cbde15ea99.png
INFO: [ app_init ] --START--
INFO: Run Behavior\BuildLiteBehavior [ RunTime:0.000015s ]
INFO: [ app_init ] --END-- [ RunTime:0.000467s ]
ERR: 无法加载模块:2017-07-17

[ 2017-07-24T15:48:29+08:00 ] ::1 /tp3/2017-07-17/596c8b0ca2b96.png
INFO: [ app_init ] --START--
INFO: Run Behavior\BuildLiteBehavior [ RunTime:0.000036s ]
INFO: [ app_init ] --END-- [ RunTime:0.001276s ]
ERR: 无法加载模块:2017-07-17

[ 2017-07-24T15:48:44+08:00 ] ::1 /tp3/2017-07-17/596cb4b57729f.png
INFO: [ app_init ] --START--
INFO: Run Behavior\BuildLiteBehavior [ RunTime:0.000032s ]
INFO: [ app_init ] --END-- [ RunTime:0.001127s ]
ERR: 无法加载模块:2017-07-17

[ 2017-07-24T15:49:29+08:00 ] ::1 /tp3/2017-07-17/596c8b0ca2b96.png
INFO: [ app_init ] --START--
INFO: Run Behavior\BuildLiteBehavior [ RunTime:0.000018s ]
INFO: [ app_init ] --END-- [ RunTime:0.000507s ]
ERR: 无法加载模块:2017-07-17

[ 2017-07-24T15:49:32+08:00 ] ::1 /tp3/Uploads/2017-07-17/596c8b0ca2b96.png
INFO: [ app_init ] --START--
INFO: Run Behavior\BuildLiteBehavior [ RunTime:0.000020s ]
INFO: [ app_init ] --END-- [ RunTime:0.000472s ]
ERR: 无法加载模块:Uploads

[ 2017-07-24T15:59:13+08:00 ] ::1 /tp3/Uploads/2017-07-17/596c8b0ca2b96.png
INFO: [ app_init ] --START--
INFO: Run Behavior\BuildLiteBehavior [ RunTime:0.000018s ]
INFO: [ app_init ] --END-- [ RunTime:0.000544s ]
ERR: 无法加载模块:Uploads

[ 2017-07-24T15:59:25+08:00 ] ::1 /tp3/Uploads/2017-07-17/596c8b0ca2b96.png
INFO: [ app_init ] --START--
INFO: Run Behavior\BuildLiteBehavior [ RunTime:0.000044s ]
INFO: [ app_init ] --END-- [ RunTime:0.001065s ]
ERR: 无法加载模块:Uploads

[ 2017-07-24T15:59:35+08:00 ] ::1 /tp3/Uploads/2017-07-17/596c8b0ca2b96.png
INFO: [ app_init ] --START--
INFO: Run Behavior\BuildLiteBehavior [ RunTime:0.000042s ]
INFO: [ app_init ] --END-- [ RunTime:0.001579s ]
ERR: 无法加载模块:Uploads

[ 2017-07-24T15:59:57+08:00 ] ::1 /tp3/Uploads/2017-07-17/596c8b0ca2b96.png
INFO: [ app_init ] --START--
INFO: Run Behavior\BuildLiteBehavior [ RunTime:0.000017s ]
INFO: [ app_init ] --END-- [ RunTime:0.000474s ]
ERR: 无法加载模块:Uploads

[ 2017-07-24T16:00:05+08:00 ] ::1 /tp3/Uploads/2017-07-17/596c8b0ca2b96.png
INFO: [ app_init ] --START--
INFO: Run Behavior\BuildLiteBehavior [ RunTime:0.000013s ]
INFO: [ app_init ] --END-- [ RunTime:0.000363s ]
ERR: 无法加载模块:Uploads

[ 2017-07-24T16:00:28+08:00 ] ::1 /tp3/Uploads/2017-07-17/596c8b0ca2b96.png
INFO: [ app_init ] --START--
INFO: Run Behavior\BuildLiteBehavior [ RunTime:0.000026s ]
INFO: [ app_init ] --END-- [ RunTime:0.000733s ]
ERR: 无法加载模块:Uploads

[ 2017-07-24T16:00:39+08:00 ] ::1 /tp3/Uploads/2017-07-17/596c8b0ca2b96.png
INFO: [ app_init ] --START--
INFO: Run Behavior\BuildLiteBehavior [ RunTime:0.000028s ]
INFO: [ app_init ] --END-- [ RunTime:0.001109s ]
ERR: 无法加载模块:Uploads

[ 2017-07-24T16:04:56+08:00 ] ::1 /tp3/Uploads/2017-07-17/596c8b0ca2b96.png
INFO: [ app_init ] --START--
INFO: Run Behavior\BuildLiteBehavior [ RunTime:0.000018s ]
INFO: [ app_init ] --END-- [ RunTime:0.000380s ]
ERR: 无法加载模块:Uploads

[ 2017-07-24T16:05:40+08:00 ] ::1 /tp3/Uploads/2017-07-17/596c8b0ca2b96.png
INFO: [ app_init ] --START--
INFO: Run Behavior\BuildLiteBehavior [ RunTime:0.000018s ]
INFO: [ app_init ] --END-- [ RunTime:0.000492s ]
ERR: 无法加载模块:Uploads

[ 2017-07-24T16:05:48+08:00 ] ::1 /tp3/Uploads/2017-07-17/596c8b0ca2b96.png
INFO: [ app_init ] --START--
INFO: Run Behavior\BuildLiteBehavior [ RunTime:0.000014s ]
INFO: [ app_init ] --END-- [ RunTime:0.000441s ]
ERR: 无法加载模块:Uploads

[ 2017-07-24T16:05:55+08:00 ] ::1 /tp3/Uploads/2017-07-17/596c8b0ca2b96.png
INFO: [ app_init ] --START--
INFO: Run Behavior\BuildLiteBehavior [ RunTime:0.000018s ]
INFO: [ app_init ] --END-- [ RunTime:0.000530s ]
ERR: 无法加载模块:Uploads

